<testsuites id="" name="" tests="20" failures="0" skipped="4" errors="0" time="36.042534999999994">
<testsuite name="group-1-admin-flow.spec.ts" timestamp="2026-06-22T06:47:03.815Z" hostname="chromium" tests="4" failures="0" skipped="0" time="5.971" errors="0">
<testcase name="Group 1 — Admin ⇄ Project-Admin lifecycle › [P0] step 1 — admin creates &amp; renames a project, then creates a project-admin and a standard user" classname="group-1-admin-flow.spec.ts" time="2.491">
</testcase>
<testcase name="Group 1 — Admin ⇄ Project-Admin lifecycle › [P0] step 2 — project-admin signs in, configures the project, adds an account, and assigns the standard user" classname="group-1-admin-flow.spec.ts" time="1.62">
</testcase>
<testcase name="Group 1 — Admin ⇄ Project-Admin lifecycle › [P0] step 3 — project-admin removes the standard member, then logs out" classname="group-1-admin-flow.spec.ts" time="0.263">
</testcase>
<testcase name="Group 1 — Admin ⇄ Project-Admin lifecycle › [P0] step 4 — admin signs back in and deletes both users and the project" classname="group-1-admin-flow.spec.ts" time="1.597">
</testcase>
</testsuite>
<testsuite name="group-2-invalid-acc.spec.ts" timestamp="2026-06-22T06:47:03.815Z" hostname="chromium" tests="3" failures="0" skipped="0" time="2.324" errors="0">
<testcase name="Group 2 — Invalid account › [P0] API rejects a wrong password with a generic 401" classname="group-2-invalid-acc.spec.ts" time="0.077">
</testcase>
<testcase name="Group 2 — Invalid account › [P0] UI rejects a wrong password and stores no token" classname="group-2-invalid-acc.spec.ts" time="1.218">
</testcase>
<testcase name="Group 2 — Invalid account › [P0] UI rejects an unknown email with the same generic message" classname="group-2-invalid-acc.spec.ts" time="1.029">
</testcase>
</testsuite>
<testsuite name="group-3-valid-acc-no-project.spec.ts" timestamp="2026-06-22T06:47:03.815Z" hostname="chromium" tests="3" failures="0" skipped="0" time="0.58" errors="0">
<testcase name="Group 3 — Valid account, no project › [P0] shows the no-access message and no provider step" classname="group-3-valid-acc-no-project.spec.ts" time="0.02">
</testcase>
<testcase name="Group 3 — Valid account, no project › [P0] no starter thread is created for a zero-project user" classname="group-3-valid-acc-no-project.spec.ts" time="0.125">
</testcase>
<testcase name="Group 3 — Valid account, no project › [P0] the no-access state persists across reload" classname="group-3-valid-acc-no-project.spec.ts" time="0.435">
</testcase>
</testsuite>
<testsuite name="group-4-one-project-ptp-claude-sso.spec.ts" timestamp="2026-06-22T06:47:03.815Z" hostname="chromium" tests="2" failures="0" skipped="2" time="0" errors="0">
<testcase name="Group 4 — One project, PTP Claude SSO › [P0] single project lands on the provider step" classname="group-4-one-project-ptp-claude-sso.spec.ts">
<properties>
<property name="skip" value="Missing TEST_CLAUDE_SSO_EMAIL/PASSWORD — skipping SSO seam.">
</property>
</properties>
<skipped>
</skipped>
</testcase>
<testcase name="Group 4 — One project, PTP Claude SSO › [P1] Claude SSO login seam: card → IdP → SPA proceeds" classname="group-4-one-project-ptp-claude-sso.spec.ts">
<properties>
<property name="skip" value="Missing TEST_CLAUDE_SSO_EMAIL/PASSWORD — skipping SSO seam.">
</property>
</properties>
<skipped>
</skipped>
</testcase>
</testsuite>
<testsuite name="group-5-multiple-projects-pt-claude-sso.spec.ts" timestamp="2026-06-22T06:47:03.815Z" hostname="chromium" tests="2" failures="0" skipped="2" time="0" errors="0">
<testcase name="Group 5 — Multiple projects, PT Tool Claude SSO › [P0] multi-project workspace: both projects bootstrapped and listed" classname="group-5-multiple-projects-pt-claude-sso.spec.ts">
<properties>
<property name="skip" value="Missing TEST_CLAUDE_SSO_EMAIL/PASSWORD — skipping SSO seam.">
</property>
</properties>
<skipped>
</skipped>
</testcase>
<testcase name="Group 5 — Multiple projects, PT Tool Claude SSO › [P1] open PT Tool thread and verify the Claude SSO login seam" classname="group-5-multiple-projects-pt-claude-sso.spec.ts">
<properties>
<property name="skip" value="Missing TEST_CLAUDE_SSO_EMAIL/PASSWORD — skipping SSO seam.">
</property>
</properties>
<skipped>
</skipped>
</testcase>
</testsuite>
<testsuite name="group-6-multiple-projects-ptp-on-prem.spec.ts" timestamp="2026-06-22T06:47:03.815Z" hostname="chromium" tests="3" failures="0" skipped="0" time="6.356" errors="0">
<testcase name="Group 6 — Multiple projects, PTP on-prem (up to Bob) › [P0] multi-project workspace: both projects bootstrapped and listed" classname="group-6-multiple-projects-ptp-on-prem.spec.ts" time="0.739">
</testcase>
<testcase name="Group 6 — Multiple projects, PTP on-prem (up to Bob) › [P0] configure On-Premises provider on the PTP thread" classname="group-6-multiple-projects-ptp-on-prem.spec.ts" time="3.191">
<properties>
<property name="slow" value="">
</property>
</properties>
</testcase>
<testcase name="Group 6 — Multiple projects, PTP on-prem (up to Bob) › [P0] Alice hands off to Bob — MCP key form is ready (WIP stops here)" classname="group-6-multiple-projects-ptp-on-prem.spec.ts" time="2.426">
<properties>
<property name="slow" value="">
</property>
</properties>
</testcase>
</testsuite>
<testsuite name="group-7-one-project-pt-on-prem.spec.ts" timestamp="2026-06-22T06:47:03.815Z" hostname="chromium" tests="3" failures="0" skipped="0" time="5.13" errors="0">
<testcase name="Group 7 — One project, PT Tool on-prem (up to Bob) › [P0] single project auto-binds and lands on the provider step" classname="group-7-one-project-pt-on-prem.spec.ts" time="0.262">
</testcase>
<testcase name="Group 7 — One project, PT Tool on-prem (up to Bob) › [P0] configure On-Premises provider" classname="group-7-one-project-pt-on-prem.spec.ts" time="2.386">
<properties>
<property name="slow" value="">
</property>
</properties>
</testcase>
<testcase name="Group 7 — One project, PT Tool on-prem (up to Bob) › [P0] Alice hands off to Bob — MCP key form is ready (WIP stops here)" classname="group-7-one-project-pt-on-prem.spec.ts" time="2.482">
<properties>
<property name="slow" value="">
</property>
</properties>
</testcase>
</testsuite>
</testsuites>